0 info it worked if it ends with ok
1 verbose cli [ 'node', '/usr/local/bin/npm', 'publish' ]
2 info using npm@1.4.28
3 info using node@v0.10.32
4 verbose publish [ '.' ]
5 verbose cache add [ '.', null ]
6 verbose cache add name=undefined spec="." args=[".",null]
7 verbose parsed url { protocol: null,
7 verbose parsed url   slashes: null,
7 verbose parsed url   auth: null,
7 verbose parsed url   host: null,
7 verbose parsed url   port: null,
7 verbose parsed url   hostname: null,
7 verbose parsed url   hash: null,
7 verbose parsed url   search: null,
7 verbose parsed url   query: null,
7 verbose parsed url   pathname: '.',
7 verbose parsed url   path: '.',
7 verbose parsed url   href: '.' }
8 silly lockFile 3a52ce78- .
9 verbose lock . /Users/flugg/.npm/3a52ce78-.lock
10 verbose tar pack [ '/Users/flugg/.npm/fansasstic-cli/1.0.0/package.tgz', '.' ]
11 verbose tarball /Users/flugg/.npm/fansasstic-cli/1.0.0/package.tgz
12 verbose folder .
13 info prepublish fansasstic-cli@1.0.0
14 silly lockFile 1f1177db-tar tar://.
15 verbose lock tar://. /Users/flugg/.npm/1f1177db-tar.lock
16 silly lockFile 64fa9347-fansasstic-cli-1-0-0-package-tgz tar:///Users/flugg/.npm/fansasstic-cli/1.0.0/package.tgz
17 verbose lock tar:///Users/flugg/.npm/fansasstic-cli/1.0.0/package.tgz /Users/flugg/.npm/64fa9347-fansasstic-cli-1-0-0-package-tgz.lock
18 silly lockFile 1f1177db-tar tar://.
19 silly lockFile 1f1177db-tar tar://.
20 silly lockFile 64fa9347-fansasstic-cli-1-0-0-package-tgz tar:///Users/flugg/.npm/fansasstic-cli/1.0.0/package.tgz
21 silly lockFile 64fa9347-fansasstic-cli-1-0-0-package-tgz tar:///Users/flugg/.npm/fansasstic-cli/1.0.0/package.tgz
22 silly lockFile b81ffefb-npm-fansasstic-cli-1-0-0-package /Users/flugg/.npm/fansasstic-cli/1.0.0/package
23 verbose lock /Users/flugg/.npm/fansasstic-cli/1.0.0/package /Users/flugg/.npm/b81ffefb-npm-fansasstic-cli-1-0-0-package.lock
24 silly lockFile b81ffefb-npm-fansasstic-cli-1-0-0-package /Users/flugg/.npm/fansasstic-cli/1.0.0/package
25 silly lockFile b81ffefb-npm-fansasstic-cli-1-0-0-package /Users/flugg/.npm/fansasstic-cli/1.0.0/package
26 silly lockFile 3a52ce78- .
27 silly lockFile 3a52ce78- .
28 silly publish { name: 'fansasstic-cli',
28 silly publish   version: '1.0.0',
28 silly publish   description: '',
28 silly publish   main: 'index.js',
28 silly publish   scripts: { test: 'echo "Error: no test specified" && exit 1' },
28 silly publish   author: '',
28 silly publish   license: 'ISC',
28 silly publish   bin: { fansasstic: 'fansasstic.js' },
28 silly publish   gitHead: '4f75772ef30696c512dabd2bdbe6d7b3d66b3564',
28 silly publish   readme: 'ERROR: No README data found!',
28 silly publish   _id: 'fansasstic-cli@1.0.0',
28 silly publish   _shasum: '7b8bc9b93675234b671c8eb6f811d7048a28908b',
28 silly publish   _from: '.' }
29 verbose request where is /fansasstic-cli
30 verbose request registry https://registry.npmjs.org/
31 verbose request id d216e93f8152e272
32 verbose url raw /fansasstic-cli
33 verbose url resolving [ 'https://registry.npmjs.org/', './fansasstic-cli' ]
34 verbose url resolved https://registry.npmjs.org/fansasstic-cli
35 verbose request where is https://registry.npmjs.org/fansasstic-cli
36 info trying registry request attempt 1 at 14:05:20
37 http PUT https://registry.npmjs.org/fansasstic-cli
38 http 409 https://registry.npmjs.org/fansasstic-cli
39 verbose request where is /fansasstic-cli?write=true
40 verbose request registry https://registry.npmjs.org/
41 verbose url raw /fansasstic-cli?write=true
42 verbose url resolving [ 'https://registry.npmjs.org/', './fansasstic-cli?write=true' ]
43 verbose url resolved https://registry.npmjs.org/fansasstic-cli?write=true
44 verbose request where is https://registry.npmjs.org/fansasstic-cli?write=true
45 info trying registry request attempt 1 at 14:05:22
46 http GET https://registry.npmjs.org/fansasstic-cli?write=true
47 http 200 https://registry.npmjs.org/fansasstic-cli?write=true
48 error publish fail Cannot publish over existing version.
48 error publish fail Update the 'version' field in package.json and try again.
48 error publish fail
48 error publish fail If the previous version was published in error, see:
48 error publish fail     npm help unpublish
48 error publish fail
48 error publish fail To automatically increment version numbers, see:
48 error publish fail     npm help version
49 error System Darwin 14.1.0
50 error command "node" "/usr/local/bin/npm" "publish"
51 error cwd /Users/flugg/Code/sass/fansasstic/cli
52 error node -v v0.10.32
53 error npm -v 1.4.28
54 error code EPUBLISHCONFLICT
55 verbose exit [ 1, true ]
